Using pre-set license
Built from '2020.3/staging' branch; Version is '2020.3.6f1 (338bb68529b2) revision 3378102'; Using compiler version '192528614'; Build Type 'Release'
OS: 'Windows 10 Home; OS build 19042.928; Version 2009; 64bit' Language: 'en' Physical Memory: 32698 MB
BatchMode: 1, IsHumanControllingUs: 0, StartBugReporterOnCrash: 0, Is64bit: 1, IsPro: 0

 COMMAND LINE ARGUMENTS:
D:\Unity versions\2020.3.6f1\Editor\Unity.exe
-adb2
-batchMode
-noUpm
-name
AssetImportWorker0
-projectPath
D:/My GitHub repositories/Unity2D/Unity-demo-2D
-logFile
Logs/AssetImportWorker0.log
-srvPort
56833
Successfully changed project path to: D:/My GitHub repositories/Unity2D/Unity-demo-2D
D:/My GitHub repositories/Unity2D/Unity-demo-2D
Using Asset Import Pipeline V2.
Refreshing native plugins compatible for Editor in 31.30 ms, found 1 plugins.
Preloading 0 native plugins for Editor in 0.00 ms.
Initialize engine version: 2020.3.6f1 (338bb68529b2)
[Subsystems] Discovering subsystems at path D:/Unity versions/2020.3.6f1/Editor/Data/Resources/UnitySubsystems
[Subsystems] Discovering subsystems at path D:/My GitHub repositories/Unity2D/Unity-demo-2D/Assets
GfxDevice: creating device client; threaded=0
Direct3D:
    Version:  Direct3D 11.0 [level 11.1]
    Renderer: NVIDIA GeForce RTX 3070 (ID=0x2484)
    Vendor:   
    VRAM:     8043 MB
    Driver:   27.21.14.6192
Initialize mono
Mono path[0] = 'D:/Unity versions/2020.3.6f1/Editor/Data/Managed'
Mono path[1] = 'D:/Unity versions/2020.3.6f1/Editor/Data/MonoBleedingEdge/lib/mono/unityjit'
Mono config path = 'D:/Unity versions/2020.3.6f1/Editor/Data/MonoBleedingEdge/etc'
Using monoOptions --debugger-agent=transport=dt_socket,embedding=1,server=y,suspend=n,address=127.0.0.1:56872
Begin MonoManager ReloadAssembly
Registering precompiled unity dll's ...
Register platform support module: D:/Unity versions/2020.3.6f1/Editor/Data/PlaybackEngines/WebGLSupport/UnityEditor.WebGL.Extensions.dll
Register platform support module: D:/Unity versions/2020.3.6f1/Editor/Data/PlaybackEngines/WindowsStandaloneSupport/UnityEditor.WindowsStandalone.Extensions.dll
Registered in 0.001307 seconds.
Native extension for WindowsStandalone target not found
Native extension for WebGL target not found
Refreshing native plugins compatible for Editor in 33.89 ms, found 1 plugins.
Preloading 0 native plugins for Editor in 0.00 ms.
Mono: successfully reloaded assembly
- Completed reload, in  1.024 seconds
Platform modules already initialized, skipping
Registering precompiled user dll's ...
Registered in 0.000595 seconds.
Begin MonoManager ReloadAssembly
Native extension for WindowsStandalone target not found
Native extension for WebGL target not found
Refreshing native plugins compatible for Editor in 31.56 ms, found 1 plugins.
Preloading 0 native plugins for Editor in 0.00 ms.
Mono: successfully reloaded assembly
- Completed reload, in  0.744 seconds
Platform modules already initialized, skipping
========================================================================
Worker process is ready to serve import requests
Launched and connected shader compiler UnityShaderCompiler.exe after 0.24 seconds
Refreshing native plugins compatible for Editor in 0.33 ms, found 1 plugins.
Preloading 0 native plugins for Editor in 0.00 ms.
Unloading 2106 Unused Serialized files (Serialized files now loaded: 0)
System memory in use before: 95.7 MB.
System memory in use after: 95.6 MB.

Unloading 26 unused Assets to reduce memory usage. Loaded Objects now: 2550.
Total: 1.986500 ms (FindLiveObjects: 0.336000 ms CreateObjectMapping: 0.087800 ms MarkObjects: 1.464900 ms  DeleteObjects: 0.097000 ms)

========================================================================
Received Import Request.
  path: Assets/Scripts/TouchControls.inputactions
  artifactKey: Guid(fbbc0e6f3acaeaf4eb4591dbb5a3c11c) Importer(815301076,1909f56bfc062723c751e8b465ee728b)
Start importing Assets/Scripts/TouchControls.inputactions using Guid(fbbc0e6f3acaeaf4eb4591dbb5a3c11c) Importer(815301076,1909f56bfc062723c751e8b465ee728b)  -> (artifact id: 'e945d53f05135bda7d8b128c2abd6804') in 0.027286 seconds
  Import took 0.029767 seconds .

========================================================================
Received Import Request.
  Time since last request: 288.308183 seconds.
  path: Assets/Scripts/TouchControls.inputactions
  artifactKey: Guid(fbbc0e6f3acaeaf4eb4591dbb5a3c11c) Importer(815301076,1909f56bfc062723c751e8b465ee728b)
Start importing Assets/Scripts/TouchControls.inputactions using Guid(fbbc0e6f3acaeaf4eb4591dbb5a3c11c) Importer(815301076,1909f56bfc062723c751e8b465ee728b)  -> (artifact id: 'f0de6c505818c1a81ea6545a4d65560e') in 0.004511 seconds
  Import took 0.007642 seconds .

========================================================================
Received Import Request.
  Time since last request: 0.003070 seconds.
  path: Assets/Scripts/TouchControls.inputactions
  artifactKey: Guid(fbbc0e6f3acaeaf4eb4591dbb5a3c11c) Importer(815301076,1909f56bfc062723c751e8b465ee728b)
Start importing Assets/Scripts/TouchControls.inputactions using Guid(fbbc0e6f3acaeaf4eb4591dbb5a3c11c) Importer(815301076,1909f56bfc062723c751e8b465ee728b)  -> (artifact id: 'f0de6c505818c1a81ea6545a4d65560e') in 0.003022 seconds
  Import took 0.005615 seconds .

========================================================================
Received Import Request.
  Time since last request: 44.729474 seconds.
  path: Assets/Scripts/TouchControls.inputactions
  artifactKey: Guid(fbbc0e6f3acaeaf4eb4591dbb5a3c11c) Importer(815301076,1909f56bfc062723c751e8b465ee728b)
Start importing Assets/Scripts/TouchControls.inputactions using Guid(fbbc0e6f3acaeaf4eb4591dbb5a3c11c) Importer(815301076,1909f56bfc062723c751e8b465ee728b)  -> (artifact id: '130b5e289d620664746f0fcdd234c292') in 0.002231 seconds
  Import took 0.004760 seconds .

========================================================================
Received Import Request.
  Time since last request: 0.004601 seconds.
  path: Assets/Scripts/TouchControls.inputactions
  artifactKey: Guid(fbbc0e6f3acaeaf4eb4591dbb5a3c11c) Importer(815301076,1909f56bfc062723c751e8b465ee728b)
Start importing Assets/Scripts/TouchControls.inputactions using Guid(fbbc0e6f3acaeaf4eb4591dbb5a3c11c) Importer(815301076,1909f56bfc062723c751e8b465ee728b)  -> (artifact id: '130b5e289d620664746f0fcdd234c292') in 0.002186 seconds
  Import took 0.004762 seconds .

========================================================================
Received Prepare
Registering precompiled user dll's ...
Registered in 0.000613 seconds.
Begin MonoManager ReloadAssembly
Native extension for WindowsStandalone target not found
Native extension for WebGL target not found
Refreshing native plugins compatible for Editor in 0.39 ms, found 1 plugins.
Preloading 0 native plugins for Editor in 0.00 ms.
Mono: successfully reloaded assembly
- Completed reload, in  0.697 seconds
Platform modules already initialized, skipping
Switching build target platform(5) subTarget(0) extendedPlatform(0) -> platform(13) subTarget(537395200) extendedPlatform(0)
Refreshing native plugins compatible for Editor in 0.32 ms, found 1 plugins.
Preloading 0 native plugins for Editor in 0.00 ms.
Unloading 2105 Unused Serialized files (Serialized files now loaded: 0)
System memory in use before: 95.8 MB.
System memory in use after: 95.8 MB.

Unloading 12 unused Assets to reduce memory usage. Loaded Objects now: 2555.
Total: 1.869900 ms (FindLiveObjects: 0.164900 ms CreateObjectMapping: 0.068700 ms MarkObjects: 1.556600 ms  DeleteObjects: 0.079000 ms)

AssetImportParameters requested are different than current active one (requested -> active):
  custom:graphics/normal-map-encoding: 01000000000000000000000000000000 -> 02000000000000000000000000000000
========================================================================
Received Import Request.
  Time since last request: 55.510719 seconds.
  path: Assets/Scripts/InputManager.cs
  artifactKey: Guid(2f11fb7e913c4704197392669d0fc857) Importer(815301076,1909f56bfc062723c751e8b465ee728b)
Start importing Assets/Scripts/InputManager.cs using Guid(2f11fb7e913c4704197392669d0fc857) Importer(815301076,1909f56bfc062723c751e8b465ee728b)  -> (artifact id: '3e0d5197b0a385a71fb6397d81818bd3') in 0.008881 seconds
  Import took 0.011610 seconds .

========================================================================
Received Prepare
Registering precompiled user dll's ...
Registered in 0.000672 seconds.
Begin MonoManager ReloadAssembly
Native extension for WindowsStandalone target not found
Native extension for WebGL target not found
Refreshing native plugins compatible for Editor in 0.34 ms, found 1 plugins.
Preloading 0 native plugins for Editor in 0.00 ms.
Mono: successfully reloaded assembly
- Completed reload, in  0.715 seconds
Platform modules already initialized, skipping
Switching build target platform(5) subTarget(0) extendedPlatform(0) -> platform(13) subTarget(537395200) extendedPlatform(0)
Refreshing native plugins compatible for Editor in 0.58 ms, found 1 plugins.
Preloading 0 native plugins for Editor in 0.00 ms.
Unloading 2106 Unused Serialized files (Serialized files now loaded: 0)
System memory in use before: 95.9 MB.
System memory in use after: 95.9 MB.

Unloading 12 unused Assets to reduce memory usage. Loaded Objects now: 2560.
Total: 2.785800 ms (FindLiveObjects: 0.184300 ms CreateObjectMapping: 0.079600 ms MarkObjects: 2.360800 ms  DeleteObjects: 0.160400 ms)

AssetImportParameters requested are different than current active one (requested -> active):
  custom:graphics/normal-map-encoding: 01000000000000000000000000000000 -> 02000000000000000000000000000000
========================================================================
Received Import Request.
  Time since last request: 463.649621 seconds.
  path: Assets/Scripts/InputManager.cs
  artifactKey: Guid(2f11fb7e913c4704197392669d0fc857) Importer(815301076,1909f56bfc062723c751e8b465ee728b)
Start importing Assets/Scripts/InputManager.cs using Guid(2f11fb7e913c4704197392669d0fc857) Importer(815301076,1909f56bfc062723c751e8b465ee728b)  -> (artifact id: 'c3a109c1bac49679c717e3844aad3e61') in 0.005482 seconds
  Import took 0.008756 seconds .

========================================================================
Received Import Request.
  Time since last request: 9.954345 seconds.
  path: Assets/Scripts/Utils.cs
  artifactKey: Guid(dc7f8b57373ea82469960cdd68335727) Importer(815301076,1909f56bfc062723c751e8b465ee728b)
Start importing Assets/Scripts/Utils.cs using Guid(dc7f8b57373ea82469960cdd68335727) Importer(815301076,1909f56bfc062723c751e8b465ee728b)  -> (artifact id: 'd7b6e0b7c6f647d4ca63fe7ebd7f557c') in 0.004987 seconds
  Import took 0.007525 seconds .

========================================================================
Received Prepare
Registering precompiled user dll's ...
Registered in 0.000649 seconds.
Begin MonoManager ReloadAssembly
Native extension for WindowsStandalone target not found
Native extension for WebGL target not found
Refreshing native plugins compatible for Editor in 0.33 ms, found 1 plugins.
Preloading 0 native plugins for Editor in 0.00 ms.
Mono: successfully reloaded assembly
- Completed reload, in  0.693 seconds
Platform modules already initialized, skipping
Switching build target platform(5) subTarget(0) extendedPlatform(0) -> platform(13) subTarget(537395200) extendedPlatform(0)
Refreshing native plugins compatible for Editor in 0.31 ms, found 1 plugins.
Preloading 0 native plugins for Editor in 0.00 ms.
Unloading 2107 Unused Serialized files (Serialized files now loaded: 0)
System memory in use before: 96.0 MB.
System memory in use after: 95.9 MB.

Unloading 12 unused Assets to reduce memory usage. Loaded Objects now: 2565.
Total: 1.767300 ms (FindLiveObjects: 0.173400 ms CreateObjectMapping: 0.070300 ms MarkObjects: 1.439200 ms  DeleteObjects: 0.083600 ms)

AssetImportParameters requested are different than current active one (requested -> active):
  custom:graphics/normal-map-encoding: 01000000000000000000000000000000 -> 02000000000000000000000000000000
========================================================================
Received Import Request.
  Time since last request: 3922.485136 seconds.
  path: Assets/Scripts/Utils.cs
  artifactKey: Guid(dc7f8b57373ea82469960cdd68335727) Importer(815301076,1909f56bfc062723c751e8b465ee728b)
Start importing Assets/Scripts/Utils.cs using Guid(dc7f8b57373ea82469960cdd68335727) Importer(815301076,1909f56bfc062723c751e8b465ee728b)  -> (artifact id: '570007e80c2fea9f8218ec8ad96f4509') in 0.004091 seconds
  Import took 0.006405 seconds .

AssetImportWorkerClient::OnTransportError - code=2 error=End of file
